{"/private/var/folders/5n/chhfsks16f31gb9yvvfjb2fm0000gn/T/coolvibe/worktrees/8d1f-/CeleGuess/src/App.tsx": {"path":"/private/var/folders/5n/chhfsks16f31gb9yvvfjb2fm0000gn/T/coolvibe/worktrees/8d1f-/CeleGuess/src/App.tsx","all":true,"statementMap":{"0":{"start":{"line":1,"column":0},"end":{"line":1,"column":26}},"1":{"start":{"line":2,"column":0},"end":{"line":2,"column":74}},"2":{"start":{"line":3,"column":0},"end":{"line":3,"column":32}},"3":{"start":{"line":4,"column":0},"end":{"line":4,"column":32}},"4":{"start":{"line":5,"column":0},"end":{"line":5,"column":37}},"6":{"start":{"line":7,"column":0},"end":{"line":7,"column":29}},"7":{"start":{"line":8,"column":0},"end":{"line":8,"column":10}},"8":{"start":{"line":9,"column":0},"end":{"line":9,"column":19}},"9":{"start":{"line":10,"column":0},"end":{"line":10,"column":14}},"10":{"start":{"line":11,"column":0},"end":{"line":11,"column":45}},"11":{"start":{"line":12,"column":0},"end":{"line":12,"column":49}},"12":{"start":{"line":13,"column":0},"end":{"line":13,"column":64}},"13":{"start":{"line":14,"column":0},"end":{"line":14,"column":15}},"14":{"start":{"line":15,"column":0},"end":{"line":15,"column":20}},"16":{"start":{"line":17,"column":0},"end":{"line":17,"column":2}},"18":{"start":{"line":19,"column":0},"end":{"line":19,"column":19}}},"s":{"0":0,"1":0,"2":0,"3":0,"4":0,"6":0,"7":0,"8":0,"9":0,"10":0,"11":0,"12":0,"13":0,"14":0,"16":0,"18":0},"branchMap":{"0":{"type":"branch","line":1,"loc":{"start":{"line":1,"column":509},"end":{"line":19,"column":19}},"locations":[{"start":{"line":1,"column":509},"end":{"line":19,"column":19}}]}},"b":{"0":[0]},"fnMap":{"0":{"name":"(empty-report)","decl":{"start":{"line":1,"column":509},"end":{"line":19,"column":19}},"loc":{"start":{"line":1,"column":509},"end":{"line":19,"column":19}},"line":1}},"f":{"0":0}}
,"/private/var/folders/5n/chhfsks16f31gb9yvvfjb2fm0000gn/T/coolvibe/worktrees/8d1f-/CeleGuess/src/main.tsx": {"path":"/private/var/folders/5n/chhfsks16f31gb9yvvfjb2fm0000gn/T/coolvibe/worktrees/8d1f-/CeleGuess/src/main.tsx","all":true,"statementMap":{"0":{"start":{"line":1,"column":0},"end":{"line":1,"column":26}},"1":{"start":{"line":2,"column":0},"end":{"line":2,"column":40}},"2":{"start":{"line":3,"column":0},"end":{"line":3,"column":24}},"4":{"start":{"line":5,"column":0},"end":{"line":5,"column":61}},"5":{"start":{"line":6,"column":0},"end":{"line":6,"column":20}},"6":{"start":{"line":7,"column":0},"end":{"line":7,"column":11}},"7":{"start":{"line":8,"column":0},"end":{"line":8,"column":21}},"8":{"start":{"line":9,"column":0},"end":{"line":9,"column":2}}},"s":{"0":0,"1":0,"2":0,"4":0,"5":0,"6":0,"7":0,"8":0},"branchMap":{"0":{"type":"branch","line":1,"loc":{"start":{"line":1,"column":213},"end":{"line":9,"column":2}},"locations":[{"start":{"line":1,"column":213},"end":{"line":9,"column":2}}]}},"b":{"0":[0]},"fnMap":{"0":{"name":"(empty-report)","decl":{"start":{"line":1,"column":213},"end":{"line":9,"column":2}},"loc":{"start":{"line":1,"column":213},"end":{"line":9,"column":2}},"line":1}},"f":{"0":0}}
,"/private/var/folders/5n/chhfsks16f31gb9yvvfjb2fm0000gn/T/coolvibe/worktrees/8d1f-/CeleGuess/src/components/AnswerButton/index.tsx": {"path":"/private/var/folders/5n/chhfsks16f31gb9yvvfjb2fm0000gn/T/coolvibe/worktrees/8d1f-/CeleGuess/src/components/AnswerButton/index.tsx","all":true,"statementMap":{"0":{"start":{"line":1,"column":0},"end":{"line":1,"column":26}},"1":{"start":{"line":2,"column":0},"end":{"line":2,"column":37}},"2":{"start":{"line":3,"column":0},"end":{"line":3,"column":47}},"3":{"start":{"line":4,"column":0},"end":{"line":4,"column":22}},"11":{"start":{"line":12,"column":0},"end":{"line":12,"column":52}},"12":{"start":{"line":13,"column":0},"end":{"line":13,"column":7}},"13":{"start":{"line":14,"column":0},"end":{"line":14,"column":12}},"14":{"start":{"line":15,"column":0},"end":{"line":15,"column":8}},"15":{"start":{"line":16,"column":0},"end":{"line":16,"column":7}},"16":{"start":{"line":17,"column":0},"end":{"line":17,"column":10}},"17":{"start":{"line":18,"column":0},"end":{"line":18,"column":45}},"18":{"start":{"line":19,"column":0},"end":{"line":19,"column":20}},"19":{"start":{"line":20,"column":0},"end":{"line":20,"column":40}},"20":{"start":{"line":21,"column":0},"end":{"line":21,"column":52}},"21":{"start":{"line":22,"column":0},"end":{"line":22,"column":14}},"23":{"start":{"line":24,"column":0},"end":{"line":24,"column":15}},"24":{"start":{"line":25,"column":0},"end":{"line":25,"column":35}},"25":{"start":{"line":26,"column":0},"end":{"line":26,"column":22}},"26":{"start":{"line":27,"column":0},"end":{"line":27,"column":25}},"27":{"start":{"line":28,"column":0},"end":{"line":28,"column":26}},"29":{"start":{"line":30,"column":0},"end":{"line":30,"column":29}},"30":{"start":{"line":31,"column":0},"end":{"line":31,"column":17}},"32":{"start":{"line":33,"column":0},"end":{"line":33,"column":10}},"34":{"start":{"line":35,"column":0},"end":{"line":35,"column":2}},"36":{"start":{"line":37,"column":0},"end":{"line":37,"column":28}}},"s":{"0":0,"1":0,"2":0,"3":0,"11":0,"12":0,"13":0,"14":0,"15":0,"16":0,"17":0,"18":0,"19":0,"20":0,"21":0,"23":0,"24":0,"25":0,"26":0,"27":0,"29":0,"30":0,"32":0,"34":0,"36":0},"branchMap":{"0":{"type":"branch","line":1,"loc":{"start":{"line":1,"column":0},"end":{"line":37,"column":-271}},"locations":[{"start":{"line":1,"column":0},"end":{"line":37,"column":-271}}]}},"b":{"0":[0]},"fnMap":{"0":{"name":"(empty-report)","decl":{"start":{"line":1,"column":0},"end":{"line":37,"column":-271}},"loc":{"start":{"line":1,"column":0},"end":{"line":37,"column":-271}},"line":1}},"f":{"0":0}}
,"/private/var/folders/5n/chhfsks16f31gb9yvvfjb2fm0000gn/T/coolvibe/worktrees/8d1f-/CeleGuess/src/components/FilterPanel/index.tsx": {"path":"/private/var/folders/5n/chhfsks16f31gb9yvvfjb2fm0000gn/T/coolvibe/worktrees/8d1f-/CeleGuess/src/components/FilterPanel/index.tsx","all":true,"statementMap":{"0":{"start":{"line":1,"column":0},"end":{"line":1,"column":26}},"1":{"start":{"line":2,"column":0},"end":{"line":2,"column":61}},"2":{"start":{"line":3,"column":0},"end":{"line":3,"column":60}},"10":{"start":{"line":11,"column":0},"end":{"line":11,"column":21}},"11":{"start":{"line":12,"column":0},"end":{"line":12,"column":22}},"18":{"start":{"line":19,"column":0},"end":{"line":19,"column":75}},"19":{"start":{"line":20,"column":0},"end":{"line":20,"column":65}},"22":{"start":{"line":23,"column":0},"end":{"line":23,"column":101}},"23":{"start":{"line":24,"column":0},"end":{"line":24,"column":101}},"24":{"start":{"line":25,"column":0},"end":{"line":25,"column":113}},"26":{"start":{"line":27,"column":0},"end":{"line":27,"column":10}},"27":{"start":{"line":28,"column":0},"end":{"line":28,"column":10}},"28":{"start":{"line":29,"column":0},"end":{"line":29,"column":23}},"29":{"start":{"line":30,"column":0},"end":{"line":30,"column":27}},"30":{"start":{"line":31,"column":0},"end":{"line":31,"column":23}},"31":{"start":{"line":32,"column":0},"end":{"line":32,"column":39}},"33":{"start":{"line":34,"column":0},"end":{"line":34,"column":36}},"34":{"start":{"line":35,"column":0},"end":{"line":35,"column":39}},"35":{"start":{"line":36,"column":0},"end":{"line":36,"column":23}},"36":{"start":{"line":37,"column":0},"end":{"line":37,"column":66}},"38":{"start":{"line":39,"column":0},"end":{"line":39,"column":19}},"39":{"start":{"line":40,"column":0},"end":{"line":40,"column":14}},"41":{"start":{"line":42,"column":0},"end":{"line":42,"column":40}},"42":{"start":{"line":43,"column":0},"end":{"line":43,"column":21}},"43":{"start":{"line":44,"column":0},"end":{"line":44,"column":25}},"44":{"start":{"line":45,"column":0},"end":{"line":45,"column":35}},"45":{"start":{"line":46,"column":0},"end":{"line":46,"column":76}},"47":{"start":{"line":48,"column":0},"end":{"line":48,"column":40}},"48":{"start":{"line":49,"column":0},"end":{"line":49,"column":46}},"49":{"start":{"line":50,"column":0},"end":{"line":50,"column":54}},"50":{"start":{"line":51,"column":0},"end":{"line":51,"column":41}},"51":{"start":{"line":52,"column":0},"end":{"line":52,"column":27}},"52":{"start":{"line":53,"column":0},"end":{"line":53,"column":17}},"53":{"start":{"line":54,"column":0},"end":{"line":54,"column":20}},"54":{"start":{"line":55,"column":0},"end":{"line":55,"column":27}},"55":{"start":{"line":56,"column":0},"end":{"line":56,"column":14}},"57":{"start":{"line":58,"column":0},"end":{"line":58,"column":40}},"58":{"start":{"line":59,"column":0},"end":{"line":59,"column":21}},"59":{"start":{"line":60,"column":0},"end":{"line":60,"column":25}},"60":{"start":{"line":61,"column":0},"end":{"line":61,"column":35}},"61":{"start":{"line":62,"column":0},"end":{"line":62,"column":76}},"63":{"start":{"line":64,"column":0},"end":{"line":64,"column":19}},"64":{"start":{"line":65,"column":0},"end":{"line":65,"column":46}},"65":{"start":{"line":66,"column":0},"end":{"line":66,"column":54}},"66":{"start":{"line":67,"column":0},"end":{"line":67,"column":41}},"67":{"start":{"line":68,"column":0},"end":{"line":68,"column":27}},"68":{"start":{"line":69,"column":0},"end":{"line":69,"column":17}},"69":{"start":{"line":70,"column":0},"end":{"line":70,"column":20}},"70":{"start":{"line":71,"column":0},"end":{"line":71,"column":27}},"71":{"start":{"line":72,"column":0},"end":{"line":72,"column":14}},"73":{"start":{"line":74,"column":0},"end":{"line":74,"column":40}},"74":{"start":{"line":75,"column":0},"end":{"line":75,"column":21}},"75":{"start":{"line":76,"column":0},"end":{"line":76,"column":25}},"76":{"start":{"line":77,"column":0},"end":{"line":77,"column":39}},"77":{"start":{"line":78,"column":0},"end":{"line":78,"column":84}},"79":{"start":{"line":80,"column":0},"end":{"line":80,"column":40}},"80":{"start":{"line":81,"column":0},"end":{"line":81,"column":54}},"81":{"start":{"line":82,"column":0},"end":{"line":82,"column":62}},"82":{"start":{"line":83,"column":0},"end":{"line":83,"column":49}},"83":{"start":{"line":84,"column":0},"end":{"line":84,"column":27}},"84":{"start":{"line":85,"column":0},"end":{"line":85,"column":17}},"85":{"start":{"line":86,"column":0},"end":{"line":86,"column":20}},"86":{"start":{"line":87,"column":0},"end":{"line":87,"column":27}},"87":{"start":{"line":88,"column":0},"end":{"line":88,"column":14}},"89":{"start":{"line":90,"column":0},"end":{"line":90,"column":39}},"90":{"start":{"line":91,"column":0},"end":{"line":91,"column":58}},"92":{"start":{"line":93,"column":0},"end":{"line":93,"column":19}},"93":{"start":{"line":94,"column":0},"end":{"line":94,"column":14}},"94":{"start":{"line":95,"column":0},"end":{"line":95,"column":12}},"95":{"start":{"line":96,"column":0},"end":{"line":96,"column":12}},"97":{"start":{"line":98,"column":0},"end":{"line":98,"column":2}},"99":{"start":{"line":100,"column":0},"end":{"line":100,"column":27}}},"s":{"0":0,"1":0,"2":0,"10":0,"11":0,"18":0,"19":0,"22":0,"23":0,"24":0,"26":0,"27":0,"28":0,"29":0,"30":0,"31":0,"33":0,"34":0,"35":0,"36":0,"38":0,"39":0,"41":0,"42":0,"43":0,"44":0,"45":0,"47":0,"48":0,"49":0,"50":0,"51":0,"52":0,"53":0,"54":0,"55":0,"57":0,"58":0,"59":0,"60":0,"61":0,"63":0,"64":0,"65":0,"66":0,"67":0,"68":0,"69":0,"70":0,"71":0,"73":0,"74":0,"75":0,"76":0,"77":0,"79":0,"80":0,"81":0,"82":0,"83":0,"84":0,"85":0,"86":0,"87":0,"89":0,"90":0,"92":0,"93":0,"94":0,"95":0,"97":0,"99":0},"branchMap":{"0":{"type":"branch","line":1,"loc":{"start":{"line":1,"column":0},"end":{"line":100,"column":-1667}},"locations":[{"start":{"line":1,"column":0},"end":{"line":100,"column":-1667}}]}},"b":{"0":[0]},"fnMap":{"0":{"name":"(empty-report)","decl":{"start":{"line":1,"column":0},"end":{"line":100,"column":-1667}},"loc":{"start":{"line":1,"column":0},"end":{"line":100,"column":-1667}},"line":1}},"f":{"0":0}}
,"/private/var/folders/5n/chhfsks16f31gb9yvvfjb2fm0000gn/T/coolvibe/worktrees/8d1f-/CeleGuess/src/components/PhotoCard/index.tsx": {"path":"/private/var/folders/5n/chhfsks16f31gb9yvvfjb2fm0000gn/T/coolvibe/worktrees/8d1f-/CeleGuess/src/components/PhotoCard/index.tsx","all":true,"statementMap":{"0":{"start":{"line":1,"column":0},"end":{"line":1,"column":51}},"1":{"start":{"line":2,"column":0},"end":{"line":2,"column":49}},"3":{"start":{"line":4,"column":0},"end":{"line":4,"column":22}},"9":{"start":{"line":10,"column":0},"end":{"line":10,"column":64}},"10":{"start":{"line":11,"column":0},"end":{"line":11,"column":47}},"11":{"start":{"line":12,"column":0},"end":{"line":12,"column":44}},"12":{"start":{"line":13,"column":0},"end":{"line":13,"column":56}},"15":{"start":{"line":16,"column":0},"end":{"line":16,"column":19}},"16":{"start":{"line":17,"column":0},"end":{"line":17,"column":25}},"17":{"start":{"line":18,"column":0},"end":{"line":18,"column":21}},"18":{"start":{"line":19,"column":0},"end":{"line":19,"column":20}},"20":{"start":{"line":21,"column":0},"end":{"line":21,"column":36}},"21":{"start":{"line":22,"column":0},"end":{"line":22,"column":28}},"22":{"start":{"line":23,"column":0},"end":{"line":23,"column":12}},"24":{"start":{"line":25,"column":0},"end":{"line":25,"column":37}},"25":{"start":{"line":26,"column":0},"end":{"line":26,"column":21}},"27":{"start":{"line":28,"column":0},"end":{"line":28,"column":10}},"28":{"start":{"line":29,"column":0},"end":{"line":29,"column":75}},"29":{"start":{"line":30,"column":0},"end":{"line":30,"column":19}},"30":{"start":{"line":31,"column":0},"end":{"line":31,"column":39}},"31":{"start":{"line":32,"column":0},"end":{"line":32,"column":41}},"32":{"start":{"line":33,"column":0},"end":{"line":33,"column":14}},"35":{"start":{"line":36,"column":0},"end":{"line":36,"column":16}},"36":{"start":{"line":37,"column":0},"end":{"line":37,"column":37}},"38":{"start":{"line":39,"column":0},"end":{"line":39,"column":14}},"40":{"start":{"line":41,"column":0},"end":{"line":41,"column":14}},"41":{"start":{"line":42,"column":0},"end":{"line":42,"column":31}},"42":{"start":{"line":43,"column":0},"end":{"line":43,"column":30}},"43":{"start":{"line":44,"column":0},"end":{"line":44,"column":23}},"44":{"start":{"line":45,"column":0},"end":{"line":45,"column":42}},"45":{"start":{"line":46,"column":0},"end":{"line":46,"column":26}},"46":{"start":{"line":47,"column":0},"end":{"line":47,"column":30}},"47":{"start":{"line":48,"column":0},"end":{"line":48,"column":27}},"48":{"start":{"line":49,"column":0},"end":{"line":49,"column":12}},"49":{"start":{"line":50,"column":0},"end":{"line":50,"column":10}},"51":{"start":{"line":52,"column":0},"end":{"line":52,"column":10}},"53":{"start":{"line":54,"column":0},"end":{"line":54,"column":2}},"55":{"start":{"line":56,"column":0},"end":{"line":56,"column":25}}},"s":{"0":0,"1":0,"3":0,"9":0,"10":0,"11":0,"12":0,"15":0,"16":0,"17":0,"18":0,"20":0,"21":0,"22":0,"24":0,"25":0,"27":0,"28":0,"29":0,"30":0,"31":0,"32":0,"35":0,"36":0,"38":0,"40":0,"41":0,"42":0,"43":0,"44":0,"45":0,"46":0,"47":0,"48":0,"49":0,"51":0,"53":0,"55":0},"branchMap":{"0":{"type":"branch","line":1,"loc":{"start":{"line":1,"column":0},"end":{"line":56,"column":-439}},"locations":[{"start":{"line":1,"column":0},"end":{"line":56,"column":-439}}]}},"b":{"0":[0]},"fnMap":{"0":{"name":"(empty-report)","decl":{"start":{"line":1,"column":0},"end":{"line":56,"column":-439}},"loc":{"start":{"line":1,"column":0},"end":{"line":56,"column":-439}},"line":1}},"f":{"0":0}}
,"/private/var/folders/5n/chhfsks16f31gb9yvvfjb2fm0000gn/T/coolvibe/worktrees/8d1f-/CeleGuess/src/hooks/useCelebrities.ts": {"path":"/private/var/folders/5n/chhfsks16f31gb9yvvfjb2fm0000gn/T/coolvibe/worktrees/8d1f-/CeleGuess/src/hooks/useCelebrities.ts","all":false,"statementMap":{"0":{"start":{"line":1,"column":0},"end":{"line":1,"column":32}},"7":{"start":{"line":8,"column":0},"end":{"line":8,"column":37}},"8":{"start":{"line":9,"column":0},"end":{"line":9,"column":39}},"10":{"start":{"line":11,"column":0},"end":{"line":11,"column":46}},"11":{"start":{"line":12,"column":0},"end":{"line":12,"column":51}},"12":{"start":{"line":13,"column":0},"end":{"line":13,"column":6}},"13":{"start":{"line":14,"column":0},"end":{"line":14,"column":4}},"15":{"start":{"line":16,"column":0},"end":{"line":16,"column":38}},"16":{"start":{"line":17,"column":0},"end":{"line":17,"column":53}},"17":{"start":{"line":18,"column":0},"end":{"line":18,"column":29}},"18":{"start":{"line":19,"column":0},"end":{"line":19,"column":4}},"20":{"start":{"line":21,"column":0},"end":{"line":21,"column":10}},"21":{"start":{"line":22,"column":0},"end":{"line":22,"column":19}},"22":{"start":{"line":23,"column":0},"end":{"line":23,"column":24}},"23":{"start":{"line":24,"column":0},"end":{"line":24,"column":38}},"24":{"start":{"line":25,"column":0},"end":{"line":25,"column":45}},"25":{"start":{"line":26,"column":0},"end":{"line":26,"column":4}},"26":{"start":{"line":27,"column":0},"end":{"line":27,"column":2}}},"s":{"0":1,"7":1,"8":16,"10":16,"11":16,"12":16,"13":16,"15":16,"16":16,"17":16,"18":16,"20":16,"21":16,"22":16,"23":16,"24":16,"25":16,"26":16},"branchMap":{"0":{"type":"branch","line":8,"loc":{"start":{"line":8,"column":30},"end":{"line":27,"column":2}},"locations":[{"start":{"line":8,"column":30},"end":{"line":27,"column":2}}]},"1":{"type":"branch","line":12,"loc":{"start":{"line":12,"column":4},"end":{"line":12,"column":51}},"locations":[{"start":{"line":12,"column":4},"end":{"line":12,"column":51}}]},"2":{"type":"branch","line":17,"loc":{"start":{"line":17,"column":4},"end":{"line":17,"column":53}},"locations":[{"start":{"line":17,"column":4},"end":{"line":17,"column":53}}]}},"b":{"0":[16],"1":[13],"2":[16]},"fnMap":{"0":{"name":"useCelebrities","decl":{"start":{"line":8,"column":30},"end":{"line":27,"column":2}},"loc":{"start":{"line":8,"column":30},"end":{"line":27,"column":2}},"line":8}},"f":{"0":16}}
,"/private/var/folders/5n/chhfsks16f31gb9yvvfjb2fm0000gn/T/coolvibe/worktrees/8d1f-/CeleGuess/src/hooks/useResponsive.ts": {"path":"/private/var/folders/5n/chhfsks16f31gb9yvvfjb2fm0000gn/T/coolvibe/worktrees/8d1f-/CeleGuess/src/hooks/useResponsive.ts","all":true,"statementMap":{"0":{"start":{"line":1,"column":0},"end":{"line":1,"column":44}},"12":{"start":{"line":13,"column":0},"end":{"line":13,"column":52}},"13":{"start":{"line":14,"column":0},"end":{"line":14,"column":56}},"15":{"start":{"line":16,"column":0},"end":{"line":16,"column":19}},"16":{"start":{"line":17,"column":0},"end":{"line":17,"column":59}},"17":{"start":{"line":18,"column":0},"end":{"line":18,"column":52}},"18":{"start":{"line":19,"column":0},"end":{"line":19,"column":68}},"19":{"start":{"line":20,"column":0},"end":{"line":20,"column":9}},"21":{"start":{"line":22,"column":0},"end":{"line":22,"column":31}},"22":{"start":{"line":23,"column":0},"end":{"line":23,"column":48}},"23":{"start":{"line":24,"column":0},"end":{"line":24,"column":34}},"25":{"start":{"line":26,"column":0},"end":{"line":26,"column":41}},"26":{"start":{"line":27,"column":0},"end":{"line":27,"column":14}},"27":{"start":{"line":28,"column":0},"end":{"line":28,"column":14}},"28":{"start":{"line":29,"column":0},"end":{"line":29,"column":14}},"29":{"start":{"line":30,"column":0},"end":{"line":30,"column":16}},"31":{"start":{"line":32,"column":0},"end":{"line":32,"column":10}},"32":{"start":{"line":33,"column":0},"end":{"line":33,"column":13}},"33":{"start":{"line":34,"column":0},"end":{"line":34,"column":13}},"34":{"start":{"line":35,"column":0},"end":{"line":35,"column":14}},"35":{"start":{"line":36,"column":0},"end":{"line":36,"column":15}},"36":{"start":{"line":37,"column":0},"end":{"line":37,"column":9}},"37":{"start":{"line":38,"column":0},"end":{"line":38,"column":4}},"38":{"start":{"line":39,"column":0},"end":{"line":39,"column":2}}},"s":{"0":0,"12":0,"13":0,"15":0,"16":0,"17":0,"18":0,"19":0,"21":0,"22":0,"23":0,"25":0,"26":0,"27":0,"28":0,"29":0,"31":0,"32":0,"33":0,"34":0,"35":0,"36":0,"37":0,"38":0},"branchMap":{"0":{"type":"branch","line":1,"loc":{"start":{"line":1,"column":875},"end":{"line":39,"column":2}},"locations":[{"start":{"line":1,"column":875},"end":{"line":39,"column":2}}]}},"b":{"0":[0]},"fnMap":{"0":{"name":"(empty-report)","decl":{"start":{"line":1,"column":875},"end":{"line":39,"column":2}},"loc":{"start":{"line":1,"column":875},"end":{"line":39,"column":2}},"line":1}},"f":{"0":0}}
,"/private/var/folders/5n/chhfsks16f31gb9yvvfjb2fm0000gn/T/coolvibe/worktrees/8d1f-/CeleGuess/src/hooks/useSwipe.ts": {"path":"/private/var/folders/5n/chhfsks16f31gb9yvvfjb2fm0000gn/T/coolvibe/worktrees/8d1f-/CeleGuess/src/hooks/useSwipe.ts","all":true,"statementMap":{"0":{"start":{"line":1,"column":0},"end":{"line":1,"column":63}},"8":{"start":{"line":9,"column":0},"end":{"line":9,"column":26}},"9":{"start":{"line":10,"column":0},"end":{"line":10,"column":14}},"10":{"start":{"line":11,"column":0},"end":{"line":11,"column":15}},"11":{"start":{"line":12,"column":0},"end":{"line":12,"column":16}},"12":{"start":{"line":13,"column":0},"end":{"line":13,"column":24}},"13":{"start":{"line":14,"column":0},"end":{"line":14,"column":33}},"14":{"start":{"line":15,"column":0},"end":{"line":15,"column":50}},"15":{"start":{"line":16,"column":0},"end":{"line":16,"column":51}},"16":{"start":{"line":17,"column":0},"end":{"line":17,"column":24}},"17":{"start":{"line":18,"column":0},"end":{"line":18,"column":7}},"18":{"start":{"line":19,"column":0},"end":{"line":19,"column":6}},"19":{"start":{"line":20,"column":0},"end":{"line":20,"column":51}},"20":{"start":{"line":21,"column":0},"end":{"line":21,"column":51}},"21":{"start":{"line":22,"column":0},"end":{"line":22,"column":25}},"22":{"start":{"line":23,"column":0},"end":{"line":23,"column":7}},"23":{"start":{"line":24,"column":0},"end":{"line":24,"column":6}},"24":{"start":{"line":25,"column":0},"end":{"line":25,"column":21}},"25":{"start":{"line":26,"column":0},"end":{"line":26,"column":21}},"26":{"start":{"line":27,"column":0},"end":{"line":27,"column":30}},"27":{"start":{"line":28,"column":0},"end":{"line":28,"column":5}},"29":{"start":{"line":30,"column":0},"end":{"line":30,"column":18}},"30":{"start":{"line":31,"column":0},"end":{"line":31,"column":2}}},"s":{"0":0,"8":0,"9":0,"10":0,"11":0,"12":0,"13":0,"14":0,"15":0,"16":0,"17":0,"18":0,"19":0,"20":0,"21":0,"22":0,"23":0,"24":0,"25":0,"26":0,"27":0,"29":0,"30":0},"branchMap":{"0":{"type":"branch","line":1,"loc":{"start":{"line":1,"column":700},"end":{"line":31,"column":2}},"locations":[{"start":{"line":1,"column":700},"end":{"line":31,"column":2}}]}},"b":{"0":[0]},"fnMap":{"0":{"name":"(empty-report)","decl":{"start":{"line":1,"column":700},"end":{"line":31,"column":2}},"loc":{"start":{"line":1,"column":700},"end":{"line":31,"column":2}},"line":1}},"f":{"0":0}}
,"/private/var/folders/5n/chhfsks16f31gb9yvvfjb2fm0000gn/T/coolvibe/worktrees/8d1f-/CeleGuess/src/pages/Game/index.tsx": {"path":"/private/var/folders/5n/chhfsks16f31gb9yvvfjb2fm0000gn/T/coolvibe/worktrees/8d1f-/CeleGuess/src/pages/Game/index.tsx","all":true,"statementMap":{"0":{"start":{"line":1,"column":0},"end":{"line":1,"column":54}},"1":{"start":{"line":2,"column":0},"end":{"line":2,"column":47}},"2":{"start":{"line":3,"column":0},"end":{"line":3,"column":44}},"3":{"start":{"line":4,"column":0},"end":{"line":4,"column":62}},"4":{"start":{"line":5,"column":0},"end":{"line":5,"column":51}},"5":{"start":{"line":6,"column":0},"end":{"line":6,"column":57}},"6":{"start":{"line":7,"column":0},"end":{"line":7,"column":56}},"7":{"start":{"line":8,"column":0},"end":{"line":8,"column":60}},"8":{"start":{"line":9,"column":0},"end":{"line":9,"column":48}},"9":{"start":{"line":10,"column":0},"end":{"line":10,"column":58}},"10":{"start":{"line":11,"column":0},"end":{"line":11,"column":56}},"11":{"start":{"line":12,"column":0},"end":{"line":12,"column":22}},"13":{"start":{"line":14,"column":0},"end":{"line":14,"column":30}},"14":{"start":{"line":15,"column":0},"end":{"line":15,"column":33}},"15":{"start":{"line":16,"column":0},"end":{"line":16,"column":39}},"16":{"start":{"line":17,"column":0},"end":{"line":17,"column":51}},"17":{"start":{"line":18,"column":0},"end":{"line":18,"column":9}},"18":{"start":{"line":19,"column":0},"end":{"line":19,"column":21}},"19":{"start":{"line":20,"column":0},"end":{"line":20,"column":20}},"20":{"start":{"line":21,"column":0},"end":{"line":21,"column":16}},"21":{"start":{"line":22,"column":0},"end":{"line":22,"column":24}},"22":{"start":{"line":23,"column":0},"end":{"line":23,"column":15}},"23":{"start":{"line":24,"column":0},"end":{"line":24,"column":24}},"24":{"start":{"line":25,"column":0},"end":{"line":25,"column":21}},"27":{"start":{"line":28,"column":0},"end":{"line":28,"column":49}},"28":{"start":{"line":29,"column":0},"end":{"line":29,"column":41}},"29":{"start":{"line":30,"column":0},"end":{"line":30,"column":26}},"30":{"start":{"line":31,"column":0},"end":{"line":31,"column":26}},"31":{"start":{"line":32,"column":0},"end":{"line":32,"column":6}},"33":{"start":{"line":34,"column":0},"end":{"line":34,"column":20}},"34":{"start":{"line":35,"column":0},"end":{"line":35,"column":37}},"35":{"start":{"line":36,"column":0},"end":{"line":36,"column":29}},"36":{"start":{"line":37,"column":0},"end":{"line":37,"column":12}},"37":{"start":{"line":38,"column":0},"end":{"line":38,"column":18}},"38":{"start":{"line":39,"column":0},"end":{"line":39,"column":27}},"39":{"start":{"line":40,"column":0},"end":{"line":40,"column":23}},"40":{"start":{"line":41,"column":0},"end":{"line":41,"column":9}},"41":{"start":{"line":42,"column":0},"end":{"line":42,"column":5}},"42":{"start":{"line":43,"column":0},"end":{"line":43,"column":89}},"45":{"start":{"line":46,"column":0},"end":{"line":46,"column":19}},"46":{"start":{"line":47,"column":0},"end":{"line":47,"column":28}},"47":{"start":{"line":48,"column":0},"end":{"line":48,"column":28}},"48":{"start":{"line":49,"column":0},"end":{"line":49,"column":5}},"49":{"start":{"line":50,"column":0},"end":{"line":50,"column":46}},"52":{"start":{"line":53,"column":0},"end":{"line":53,"column":19}},"53":{"start":{"line":54,"column":0},"end":{"line":54,"column":50}},"54":{"start":{"line":55,"column":0},"end":{"line":55,"column":60}},"55":{"start":{"line":56,"column":0},"end":{"line":56,"column":30}},"56":{"start":{"line":57,"column":0},"end":{"line":57,"column":54}},"57":{"start":{"line":58,"column":0},"end":{"line":58,"column":31}},"58":{"start":{"line":59,"column":0},"end":{"line":59,"column":23}},"59":{"start":{"line":60,"column":0},"end":{"line":60,"column":9}},"60":{"start":{"line":61,"column":0},"end":{"line":61,"column":7}},"61":{"start":{"line":62,"column":0},"end":{"line":62,"column":6}},"63":{"start":{"line":64,"column":0},"end":{"line":64,"column":55}},"64":{"start":{"line":65,"column":0},"end":{"line":65,"column":71}},"65":{"start":{"line":66,"column":0},"end":{"line":66,"column":57}},"68":{"start":{"line":69,"column":0},"end":{"line":69,"column":34}},"69":{"start":{"line":70,"column":0},"end":{"line":70,"column":37}},"70":{"start":{"line":71,"column":0},"end":{"line":71,"column":37}},"71":{"start":{"line":72,"column":0},"end":{"line":72,"column":5}},"73":{"start":{"line":74,"column":0},"end":{"line":74,"column":28}},"74":{"start":{"line":75,"column":0},"end":{"line":75,"column":18}},"75":{"start":{"line":76,"column":0},"end":{"line":76,"column":4}},"77":{"start":{"line":78,"column":0},"end":{"line":78,"column":26}},"78":{"start":{"line":79,"column":0},"end":{"line":79,"column":54}},"79":{"start":{"line":80,"column":0},"end":{"line":80,"column":3}},"81":{"start":{"line":82,"column":0},"end":{"line":82,"column":10}},"82":{"start":{"line":83,"column":0},"end":{"line":83,"column":50}},"83":{"start":{"line":84,"column":0},"end":{"line":84,"column":35}},"84":{"start":{"line":85,"column":0},"end":{"line":85,"column":15}},"85":{"start":{"line":86,"column":0},"end":{"line":86,"column":21}},"86":{"start":{"line":87,"column":0},"end":{"line":87,"column":30}},"87":{"start":{"line":88,"column":0},"end":{"line":88,"column":33}},"89":{"start":{"line":90,"column":0},"end":{"line":90,"column":28}},"90":{"start":{"line":91,"column":0},"end":{"line":91,"column":17}},"91":{"start":{"line":92,"column":0},"end":{"line":92,"column":64}},"92":{"start":{"line":93,"column":0},"end":{"line":93,"column":12}},"94":{"start":{"line":95,"column":0},"end":{"line":95,"column":36}},"95":{"start":{"line":96,"column":0},"end":{"line":96,"column":50}},"97":{"start":{"line":98,"column":0},"end":{"line":98,"column":21}},"98":{"start":{"line":99,"column":0},"end":{"line":99,"column":38}},"99":{"start":{"line":100,"column":0},"end":{"line":100,"column":37}},"100":{"start":{"line":101,"column":0},"end":{"line":101,"column":29}},"101":{"start":{"line":102,"column":0},"end":{"line":102,"column":10}},"103":{"start":{"line":104,"column":0},"end":{"line":104,"column":23}},"104":{"start":{"line":105,"column":0},"end":{"line":105,"column":46}},"105":{"start":{"line":106,"column":0},"end":{"line":106,"column":19}},"106":{"start":{"line":107,"column":0},"end":{"line":107,"column":41}},"107":{"start":{"line":108,"column":0},"end":{"line":108,"column":29}},"108":{"start":{"line":109,"column":0},"end":{"line":109,"column":43}},"110":{"start":{"line":111,"column":0},"end":{"line":111,"column":33}},"111":{"start":{"line":112,"column":0},"end":{"line":112,"column":21}},"112":{"start":{"line":113,"column":0},"end":{"line":113,"column":19}},"113":{"start":{"line":114,"column":0},"end":{"line":114,"column":41}},"114":{"start":{"line":115,"column":0},"end":{"line":115,"column":29}},"115":{"start":{"line":116,"column":0},"end":{"line":116,"column":43}},"116":{"start":{"line":117,"column":0},"end":{"line":117,"column":13}},"117":{"start":{"line":118,"column":0},"end":{"line":118,"column":34}},"118":{"start":{"line":119,"column":0},"end":{"line":119,"column":21}},"119":{"start":{"line":120,"column":0},"end":{"line":120,"column":16}},"121":{"start":{"line":122,"column":0},"end":{"line":122,"column":12}},"123":{"start":{"line":124,"column":0},"end":{"line":124,"column":20}},"124":{"start":{"line":125,"column":0},"end":{"line":125,"column":36}},"126":{"start":{"line":127,"column":0},"end":{"line":127,"column":14}},"128":{"start":{"line":129,"column":0},"end":{"line":129,"column":10}},"130":{"start":{"line":131,"column":0},"end":{"line":131,"column":2}},"132":{"start":{"line":133,"column":0},"end":{"line":133,"column":20}}},"s":{"0":0,"1":0,"2":0,"3":0,"4":0,"5":0,"6":0,"7":0,"8":0,"9":0,"10":0,"11":0,"13":0,"14":0,"15":0,"16":0,"17":0,"18":0,"19":0,"20":0,"21":0,"22":0,"23":0,"24":0,"27":0,"28":0,"29":0,"30":0,"31":0,"33":0,"34":0,"35":0,"36":0,"37":0,"38":0,"39":0,"40":0,"41":0,"42":0,"45":0,"46":0,"47":0,"48":0,"49":0,"52":0,"53":0,"54":0,"55":0,"56":0,"57":0,"58":0,"59":0,"60":0,"61":0,"63":0,"64":0,"65":0,"68":0,"69":0,"70":0,"71":0,"73":0,"74":0,"75":0,"77":0,"78":0,"79":0,"81":0,"82":0,"83":0,"84":0,"85":0,"86":0,"87":0,"89":0,"90":0,"91":0,"92":0,"94":0,"95":0,"97":0,"98":0,"99":0,"100":0,"101":0,"103":0,"104":0,"105":0,"106":0,"107":0,"108":0,"110":0,"111":0,"112":0,"113":0,"114":0,"115":0,"116":0,"117":0,"118":0,"119":0,"121":0,"123":0,"124":0,"126":0,"128":0,"130":0,"132":0},"branchMap":{"0":{"type":"branch","line":1,"loc":{"start":{"line":1,"column":0},"end":{"line":133,"column":-1260}},"locations":[{"start":{"line":1,"column":0},"end":{"line":133,"column":-1260}}]}},"b":{"0":[0]},"fnMap":{"0":{"name":"(empty-report)","decl":{"start":{"line":1,"column":0},"end":{"line":133,"column":-1260}},"loc":{"start":{"line":1,"column":0},"end":{"line":133,"column":-1260}},"line":1}},"f":{"0":0}}
,"/private/var/folders/5n/chhfsks16f31gb9yvvfjb2fm0000gn/T/coolvibe/worktrees/8d1f-/CeleGuess/src/pages/Home/index.tsx": {"path":"/private/var/folders/5n/chhfsks16f31gb9yvvfjb2fm0000gn/T/coolvibe/worktrees/8d1f-/CeleGuess/src/pages/Home/index.tsx","all":true,"statementMap":{"0":{"start":{"line":1,"column":0},"end":{"line":1,"column":40}},"1":{"start":{"line":2,"column":0},"end":{"line":2,"column":47}},"2":{"start":{"line":3,"column":0},"end":{"line":3,"column":51}},"3":{"start":{"line":4,"column":0},"end":{"line":4,"column":50}},"4":{"start":{"line":5,"column":0},"end":{"line":5,"column":55}},"5":{"start":{"line":6,"column":0},"end":{"line":6,"column":60}},"6":{"start":{"line":7,"column":0},"end":{"line":7,"column":60}},"7":{"start":{"line":8,"column":0},"end":{"line":8,"column":22}},"9":{"start":{"line":10,"column":0},"end":{"line":10,"column":30}},"10":{"start":{"line":11,"column":0},"end":{"line":11,"column":33}},"11":{"start":{"line":12,"column":0},"end":{"line":12,"column":60}},"12":{"start":{"line":13,"column":0},"end":{"line":13,"column":48}},"13":{"start":{"line":14,"column":0},"end":{"line":14,"column":57}},"15":{"start":{"line":16,"column":0},"end":{"line":16,"column":29}},"16":{"start":{"line":17,"column":0},"end":{"line":17,"column":30}},"17":{"start":{"line":18,"column":0},"end":{"line":18,"column":18}},"18":{"start":{"line":19,"column":0},"end":{"line":19,"column":37}},"19":{"start":{"line":20,"column":0},"end":{"line":20,"column":26}},"20":{"start":{"line":21,"column":0},"end":{"line":21,"column":9}},"21":{"start":{"line":22,"column":0},"end":{"line":22,"column":13}},"22":{"start":{"line":23,"column":0},"end":{"line":23,"column":5}},"23":{"start":{"line":24,"column":0},"end":{"line":24,"column":22}},"24":{"start":{"line":25,"column":0},"end":{"line":25,"column":4}},"26":{"start":{"line":27,"column":0},"end":{"line":27,"column":10}},"27":{"start":{"line":28,"column":0},"end":{"line":28,"column":31}},"28":{"start":{"line":29,"column":0},"end":{"line":29,"column":35}},"29":{"start":{"line":30,"column":0},"end":{"line":30,"column":49}},"30":{"start":{"line":31,"column":0},"end":{"line":31,"column":46}},"31":{"start":{"line":32,"column":0},"end":{"line":32,"column":12}},"33":{"start":{"line":34,"column":0},"end":{"line":34,"column":36}},"34":{"start":{"line":35,"column":0},"end":{"line":35,"column":15}},"35":{"start":{"line":36,"column":0},"end":{"line":36,"column":34}},"36":{"start":{"line":37,"column":0},"end":{"line":37,"column":22}},"37":{"start":{"line":38,"column":0},"end":{"line":38,"column":25}},"38":{"start":{"line":39,"column":0},"end":{"line":39,"column":31}},"39":{"start":{"line":40,"column":0},"end":{"line":40,"column":9}},"41":{"start":{"line":42,"column":0},"end":{"line":42,"column":17}},"43":{"start":{"line":44,"column":0},"end":{"line":44,"column":69}},"44":{"start":{"line":45,"column":0},"end":{"line":45,"column":17}},"45":{"start":{"line":46,"column":0},"end":{"line":46,"column":37}},"46":{"start":{"line":47,"column":0},"end":{"line":47,"column":26}},"47":{"start":{"line":48,"column":0},"end":{"line":48,"column":50}},"49":{"start":{"line":50,"column":0},"end":{"line":50,"column":34}},"50":{"start":{"line":51,"column":0},"end":{"line":51,"column":19}},"51":{"start":{"line":52,"column":0},"end":{"line":52,"column":16}},"53":{"start":{"line":54,"column":0},"end":{"line":54,"column":31}},"54":{"start":{"line":55,"column":0},"end":{"line":55,"column":46}},"55":{"start":{"line":56,"column":0},"end":{"line":56,"column":14}},"56":{"start":{"line":57,"column":0},"end":{"line":57,"column":12}},"58":{"start":{"line":59,"column":0},"end":{"line":59,"column":18}},"59":{"start":{"line":60,"column":0},"end":{"line":60,"column":31}},"60":{"start":{"line":61,"column":0},"end":{"line":61,"column":47}},"61":{"start":{"line":62,"column":0},"end":{"line":62,"column":8}},"62":{"start":{"line":63,"column":0},"end":{"line":63,"column":10}},"64":{"start":{"line":65,"column":0},"end":{"line":65,"column":2}},"66":{"start":{"line":67,"column":0},"end":{"line":67,"column":20}}},"s":{"0":0,"1":0,"2":0,"3":0,"4":0,"5":0,"6":0,"7":0,"9":0,"10":0,"11":0,"12":0,"13":0,"15":0,"16":0,"17":0,"18":0,"19":0,"20":0,"21":0,"22":0,"23":0,"24":0,"26":0,"27":0,"28":0,"29":0,"30":0,"31":0,"33":0,"34":0,"35":0,"36":0,"37":0,"38":0,"39":0,"41":0,"43":0,"44":0,"45":0,"46":0,"47":0,"49":0,"50":0,"51":0,"53":0,"54":0,"55":0,"56":0,"58":0,"59":0,"60":0,"61":0,"62":0,"64":0,"66":0},"branchMap":{"0":{"type":"branch","line":1,"loc":{"start":{"line":1,"column":0},"end":{"line":67,"column":-840}},"locations":[{"start":{"line":1,"column":0},"end":{"line":67,"column":-840}}]}},"b":{"0":[0]},"fnMap":{"0":{"name":"(empty-report)","decl":{"start":{"line":1,"column":0},"end":{"line":67,"column":-840}},"loc":{"start":{"line":1,"column":0},"end":{"line":67,"column":-840}},"line":1}},"f":{"0":0}}
,"/private/var/folders/5n/chhfsks16f31gb9yvvfjb2fm0000gn/T/coolvibe/worktrees/8d1f-/CeleGuess/src/store/useFilterStore.ts": {"path":"/private/var/folders/5n/chhfsks16f31gb9yvvfjb2fm0000gn/T/coolvibe/worktrees/8d1f-/CeleGuess/src/store/useFilterStore.ts","all":false,"statementMap":{"0":{"start":{"line":1,"column":0},"end":{"line":1,"column":33}},"11":{"start":{"line":12,"column":0},"end":{"line":12,"column":39}},"12":{"start":{"line":13,"column":0},"end":{"line":13,"column":14}},"13":{"start":{"line":14,"column":0},"end":{"line":14,"column":14}},"14":{"start":{"line":15,"column":0},"end":{"line":15,"column":17}},"15":{"start":{"line":16,"column":0},"end":{"line":16,"column":2}},"17":{"start":{"line":18,"column":0},"end":{"line":18,"column":52}},"18":{"start":{"line":19,"column":0},"end":{"line":19,"column":10}},"19":{"start":{"line":20,"column":0},"end":{"line":20,"column":20}},"20":{"start":{"line":21,"column":0},"end":{"line":21,"column":30}},"22":{"start":{"line":23,"column":0},"end":{"line":23,"column":33}},"23":{"start":{"line":24,"column":0},"end":{"line":24,"column":25}},"24":{"start":{"line":25,"column":0},"end":{"line":25,"column":54}},"25":{"start":{"line":26,"column":0},"end":{"line":26,"column":12}},"27":{"start":{"line":28,"column":0},"end":{"line":28,"column":59}},"29":{"start":{"line":30,"column":0},"end":{"line":30,"column":31}},"30":{"start":{"line":31,"column":0},"end":{"line":31,"column":34}},"31":{"start":{"line":32,"column":0},"end":{"line":32,"column":16}},"32":{"start":{"line":33,"column":0},"end":{"line":33,"column":39}},"33":{"start":{"line":34,"column":0},"end":{"line":34,"column":39}},"34":{"start":{"line":35,"column":0},"end":{"line":35,"column":40}},"36":{"start":{"line":37,"column":0},"end":{"line":37,"column":7}},"37":{"start":{"line":38,"column":0},"end":{"line":38,"column":7}},"38":{"start":{"line":39,"column":0},"end":{"line":39,"column":5}},"39":{"start":{"line":40,"column":0},"end":{"line":40,"column":32}},"40":{"start":{"line":41,"column":0},"end":{"line":41,"column":16}},"41":{"start":{"line":42,"column":0},"end":{"line":42,"column":5}},"42":{"start":{"line":43,"column":0},"end":{"line":43,"column":3}},"43":{"start":{"line":44,"column":0},"end":{"line":44,"column":2}}},"s":{"0":1,"11":1,"12":1,"13":1,"14":1,"15":1,"17":1,"18":1,"19":1,"20":2,"22":2,"23":28,"24":28,"25":28,"27":2,"29":2,"30":7,"31":7,"32":7,"33":5,"34":3,"36":7,"37":2,"38":1,"39":1,"40":1,"41":1,"42":1,"43":1},"branchMap":{"0":{"type":"branch","line":20,"loc":{"start":{"line":20,"column":4},"end":{"line":38,"column":7}},"locations":[{"start":{"line":20,"column":4},"end":{"line":38,"column":7}}]},"1":{"type":"branch","line":23,"loc":{"start":{"line":23,"column":18},"end":{"line":26,"column":12}},"locations":[{"start":{"line":23,"column":18},"end":{"line":26,"column":12}}]},"2":{"type":"branch","line":24,"loc":{"start":{"line":24,"column":12},"end":{"line":26,"column":10}},"locations":[{"start":{"line":24,"column":12},"end":{"line":26,"column":10}}]},"3":{"type":"branch","line":28,"loc":{"start":{"line":28,"column":20},"end":{"line":28,"column":59}},"locations":[{"start":{"line":28,"column":20},"end":{"line":28,"column":59}}]},"4":{"type":"branch","line":30,"loc":{"start":{"line":30,"column":24},"end":{"line":37,"column":7}},"locations":[{"start":{"line":30,"column":24},"end":{"line":37,"column":7}}]},"5":{"type":"branch","line":33,"loc":{"start":{"line":33,"column":35},"end":{"line":34,"column":39}},"locations":[{"start":{"line":33,"column":35},"end":{"line":34,"column":39}}]},"6":{"type":"branch","line":34,"loc":{"start":{"line":34,"column":35},"end":{"line":35,"column":40}},"locations":[{"start":{"line":34,"column":35},"end":{"line":35,"column":40}}]}},"b":{"0":[2],"1":[28],"2":[28],"3":[31],"4":[7],"5":[5],"6":[3]},"fnMap":{"0":{"name":"__vite_ssr_import_0__.create.__vite_ssr_import_1__.persist.name","decl":{"start":{"line":20,"column":4},"end":{"line":38,"column":7}},"loc":{"start":{"line":20,"column":4},"end":{"line":38,"column":7}},"line":20},"1":{"name":"setFilters","decl":{"start":{"line":23,"column":18},"end":{"line":26,"column":12}},"loc":{"start":{"line":23,"column":18},"end":{"line":26,"column":12}},"line":23},"2":{"name":"resetFilters","decl":{"start":{"line":28,"column":20},"end":{"line":28,"column":59}},"loc":{"start":{"line":28,"column":20},"end":{"line":28,"column":59}},"line":28},"3":{"name":"hasActiveFilters","decl":{"start":{"line":30,"column":24},"end":{"line":37,"column":7}},"loc":{"start":{"line":30,"column":24},"end":{"line":37,"column":7}},"line":30}},"f":{"0":2,"1":28,"2":31,"3":7}}
,"/private/var/folders/5n/chhfsks16f31gb9yvvfjb2fm0000gn/T/coolvibe/worktrees/8d1f-/CeleGuess/src/store/useGameStore.ts": {"path":"/private/var/folders/5n/chhfsks16f31gb9yvvfjb2fm0000gn/T/coolvibe/worktrees/8d1f-/CeleGuess/src/store/useGameStore.ts","all":false,"statementMap":{"0":{"start":{"line":1,"column":0},"end":{"line":1,"column":33}},"14":{"start":{"line":15,"column":0},"end":{"line":15,"column":57}},"15":{"start":{"line":16,"column":0},"end":{"line":16,"column":25}},"16":{"start":{"line":17,"column":0},"end":{"line":17,"column":25}},"17":{"start":{"line":18,"column":0},"end":{"line":18,"column":17}},"19":{"start":{"line":20,"column":0},"end":{"line":20,"column":37}},"20":{"start":{"line":21,"column":0},"end":{"line":21,"column":65}},"22":{"start":{"line":23,"column":0},"end":{"line":23,"column":51}},"24":{"start":{"line":25,"column":0},"end":{"line":25,"column":52}},"26":{"start":{"line":27,"column":0},"end":{"line":27,"column":29}},"27":{"start":{"line":28,"column":0},"end":{"line":28,"column":61}},"29":{"start":{"line":30,"column":0},"end":{"line":30,"column":18}},"30":{"start":{"line":31,"column":0},"end":{"line":31,"column":75}},"31":{"start":{"line":32,"column":0},"end":{"line":32,"column":4}}},"s":{"0":1,"14":1,"15":1,"16":1,"17":1,"19":1,"20":7,"22":1,"24":1,"26":1,"27":7,"29":1,"30":13,"31":1},"branchMap":{"0":{"type":"branch","line":15,"loc":{"start":{"line":15,"column":46},"end":{"line":32,"column":2}},"locations":[{"start":{"line":15,"column":46},"end":{"line":32,"column":2}}]},"1":{"type":"branch","line":20,"loc":{"start":{"line":20,"column":23},"end":{"line":21,"column":65}},"locations":[{"start":{"line":20,"column":23},"end":{"line":21,"column":65}}]},"2":{"type":"branch","line":23,"loc":{"start":{"line":23,"column":14},"end":{"line":23,"column":51}},"locations":[{"start":{"line":23,"column":14},"end":{"line":23,"column":51}}]},"3":{"type":"branch","line":25,"loc":{"start":{"line":25,"column":14},"end":{"line":25,"column":52}},"locations":[{"start":{"line":25,"column":14},"end":{"line":25,"column":52}}]},"4":{"type":"branch","line":27,"loc":{"start":{"line":27,"column":24},"end":{"line":28,"column":61}},"locations":[{"start":{"line":27,"column":24},"end":{"line":28,"column":61}}]},"5":{"type":"branch","line":28,"loc":{"start":{"line":28,"column":8},"end":{"line":28,"column":59}},"locations":[{"start":{"line":28,"column":8},"end":{"line":28,"column":59}}]},"6":{"type":"branch","line":30,"loc":{"start":{"line":30,"column":13},"end":{"line":31,"column":75}},"locations":[{"start":{"line":30,"column":13},"end":{"line":31,"column":75}}]}},"b":{"0":[1],"1":[7],"2":[6],"3":[2],"4":[7],"5":[7],"6":[13]},"fnMap":{"0":{"name":"setCurrentCelebrity","decl":{"start":{"line":20,"column":23},"end":{"line":21,"column":65}},"loc":{"start":{"line":20,"column":23},"end":{"line":21,"column":65}},"line":20},"1":{"name":"showAnswer","decl":{"start":{"line":23,"column":14},"end":{"line":23,"column":51}},"loc":{"start":{"line":23,"column":14},"end":{"line":23,"column":51}},"line":23},"2":{"name":"hideAnswer","decl":{"start":{"line":25,"column":14},"end":{"line":25,"column":52}},"loc":{"start":{"line":25,"column":14},"end":{"line":25,"column":52}},"line":25},"3":{"name":"incrementViewedCount","decl":{"start":{"line":27,"column":24},"end":{"line":28,"column":61}},"loc":{"start":{"line":27,"column":24},"end":{"line":28,"column":61}},"line":27},"4":{"name":"resetGame","decl":{"start":{"line":30,"column":13},"end":{"line":31,"column":75}},"loc":{"start":{"line":30,"column":13},"end":{"line":31,"column":75}},"line":30}},"f":{"0":7,"1":6,"2":2,"3":7,"4":13}}
,"/private/var/folders/5n/chhfsks16f31gb9yvvfjb2fm0000gn/T/coolvibe/worktrees/8d1f-/CeleGuess/src/types/index.ts": {"path":"/private/var/folders/5n/chhfsks16f31gb9yvvfjb2fm0000gn/T/coolvibe/worktrees/8d1f-/CeleGuess/src/types/index.ts","all":false,"statementMap":{"1":{"start":{"line":2,"column":0},"end":{"line":2,"column":24}},"2":{"start":{"line":3,"column":0},"end":{"line":3,"column":15}},"3":{"start":{"line":4,"column":0},"end":{"line":4,"column":15}},"4":{"start":{"line":5,"column":0},"end":{"line":5,"column":13}},"5":{"start":{"line":6,"column":0},"end":{"line":6,"column":18}},"6":{"start":{"line":7,"column":0},"end":{"line":7,"column":11}},"9":{"start":{"line":10,"column":0},"end":{"line":10,"column":24}},"10":{"start":{"line":11,"column":0},"end":{"line":11,"column":11}},"11":{"start":{"line":12,"column":0},"end":{"line":12,"column":12}},"14":{"start":{"line":15,"column":0},"end":{"line":15,"column":28}},"15":{"start":{"line":16,"column":0},"end":{"line":16,"column":17}},"16":{"start":{"line":17,"column":0},"end":{"line":17,"column":22}},"17":{"start":{"line":18,"column":0},"end":{"line":18,"column":22}},"26":{"start":{"line":27,"column":0},"end":{"line":27,"column":58}},"27":{"start":{"line":28,"column":0},"end":{"line":28,"column":30}},"28":{"start":{"line":29,"column":0},"end":{"line":29,"column":30}},"29":{"start":{"line":30,"column":0},"end":{"line":30,"column":28}},"30":{"start":{"line":31,"column":0},"end":{"line":31,"column":33}},"31":{"start":{"line":32,"column":0},"end":{"line":32,"column":26}},"32":{"start":{"line":33,"column":0},"end":{"line":33,"column":2}},"34":{"start":{"line":35,"column":0},"end":{"line":35,"column":58}},"35":{"start":{"line":36,"column":0},"end":{"line":36,"column":25}},"36":{"start":{"line":37,"column":0},"end":{"line":37,"column":26}},"37":{"start":{"line":38,"column":0},"end":{"line":38,"column":2}},"39":{"start":{"line":40,"column":0},"end":{"line":40,"column":66}},"40":{"start":{"line":41,"column":0},"end":{"line":41,"column":38}},"41":{"start":{"line":42,"column":0},"end":{"line":42,"column":43}},"42":{"start":{"line":43,"column":0},"end":{"line":43,"column":44}},"43":{"start":{"line":44,"column":0},"end":{"line":44,"column":2}}},"s":{"1":1,"2":1,"3":1,"4":1,"5":1,"6":1,"9":1,"10":1,"11":1,"14":1,"15":1,"16":1,"17":1,"26":1,"27":1,"28":1,"29":1,"30":1,"31":1,"32":1,"34":1,"35":1,"36":1,"37":1,"39":1,"40":1,"41":1,"42":1,"43":1},"branchMap":{"0":{"type":"branch","line":2,"loc":{"start":{"line":2,"column":7},"end":{"line":2,"column":24}},"locations":[{"start":{"line":2,"column":7},"end":{"line":2,"column":24}}]},"1":{"type":"branch","line":10,"loc":{"start":{"line":10,"column":7},"end":{"line":10,"column":24}},"locations":[{"start":{"line":10,"column":7},"end":{"line":10,"column":24}}]},"2":{"type":"branch","line":15,"loc":{"start":{"line":15,"column":7},"end":{"line":15,"column":28}},"locations":[{"start":{"line":15,"column":7},"end":{"line":15,"column":28}}]}},"b":{"0":[7],"1":[7],"2":[7]},"fnMap":{},"f":{}}
,"/private/var/folders/5n/chhfsks16f31gb9yvvfjb2fm0000gn/T/coolvibe/worktrees/8d1f-/CeleGuess/src/utils/dataValidator.ts": {"path":"/private/var/folders/5n/chhfsks16f31gb9yvvfjb2fm0000gn/T/coolvibe/worktrees/8d1f-/CeleGuess/src/utils/dataValidator.ts","all":false,"statementMap":{"0":{"start":{"line":1,"column":0},"end":{"line":1,"column":82}},"5":{"start":{"line":6,"column":0},"end":{"line":6,"column":78}},"7":{"start":{"line":8,"column":0},"end":{"line":8,"column":61}},"8":{"start":{"line":9,"column":0},"end":{"line":9,"column":56}},"9":{"start":{"line":10,"column":0},"end":{"line":10,"column":17}},"10":{"start":{"line":11,"column":0},"end":{"line":11,"column":3}},"13":{"start":{"line":14,"column":0},"end":{"line":14,"column":84}},"14":{"start":{"line":15,"column":0},"end":{"line":15,"column":84}},"15":{"start":{"line":16,"column":0},"end":{"line":16,"column":92}},"17":{"start":{"line":18,"column":0},"end":{"line":18,"column":49}},"18":{"start":{"line":19,"column":0},"end":{"line":19,"column":47}},"19":{"start":{"line":20,"column":0},"end":{"line":20,"column":17}},"20":{"start":{"line":21,"column":0},"end":{"line":21,"column":3}},"22":{"start":{"line":23,"column":0},"end":{"line":23,"column":49}},"23":{"start":{"line":24,"column":0},"end":{"line":24,"column":47}},"24":{"start":{"line":25,"column":0},"end":{"line":25,"column":17}},"25":{"start":{"line":26,"column":0},"end":{"line":26,"column":3}},"27":{"start":{"line":28,"column":0},"end":{"line":28,"column":57}},"28":{"start":{"line":29,"column":0},"end":{"line":29,"column":51}},"29":{"start":{"line":30,"column":0},"end":{"line":30,"column":17}},"30":{"start":{"line":31,"column":0},"end":{"line":31,"column":3}},"32":{"start":{"line":33,"column":0},"end":{"line":33,"column":14}},"33":{"start":{"line":34,"column":0},"end":{"line":34,"column":2}},"38":{"start":{"line":39,"column":0},"end":{"line":39,"column":68}},"39":{"start":{"line":40,"column":0},"end":{"line":40,"column":50}},"40":{"start":{"line":41,"column":0},"end":{"line":41,"column":43}},"41":{"start":{"line":42,"column":0},"end":{"line":42,"column":3}},"43":{"start":{"line":44,"column":0},"end":{"line":44,"column":70}},"45":{"start":{"line":46,"column":0},"end":{"line":46,"column":60}},"46":{"start":{"line":47,"column":0},"end":{"line":47,"column":17}},"47":{"start":{"line":48,"column":0},"end":{"line":48,"column":93}},"48":{"start":{"line":49,"column":0},"end":{"line":49,"column":6}},"49":{"start":{"line":50,"column":0},"end":{"line":50,"column":3}},"51":{"start":{"line":52,"column":0},"end":{"line":52,"column":26}},"52":{"start":{"line":53,"column":0},"end":{"line":53,"column":2}}},"s":{"0":1,"5":1,"7":156,"8":7,"9":7,"10":7,"13":149,"14":149,"15":149,"17":156,"18":2,"19":2,"20":2,"22":156,"23":1,"24":1,"25":1,"27":156,"28":1,"29":1,"30":1,"32":145,"33":145,"38":1,"39":22,"40":4,"41":4,"43":18,"45":22,"46":2,"47":2,"48":2,"49":2,"51":18,"52":18},"branchMap":{"0":{"type":"branch","line":6,"loc":{"start":{"line":6,"column":33},"end":{"line":34,"column":2}},"locations":[{"start":{"line":6,"column":33},"end":{"line":34,"column":2}}]},"1":{"type":"branch","line":8,"loc":{"start":{"line":8,"column":17},"end":{"line":8,"column":42}},"locations":[{"start":{"line":8,"column":17},"end":{"line":8,"column":42}}]},"2":{"type":"branch","line":8,"loc":{"start":{"line":8,"column":34},"end":{"line":8,"column":60}},"locations":[{"start":{"line":8,"column":34},"end":{"line":8,"column":60}}]},"3":{"type":"branch","line":8,"loc":{"start":{"line":8,"column":60},"end":{"line":11,"column":3}},"locations":[{"start":{"line":8,"column":60},"end":{"line":11,"column":3}}]},"4":{"type":"branch","line":11,"loc":{"start":{"line":11,"column":2},"end":{"line":18,"column":48}},"locations":[{"start":{"line":11,"column":2},"end":{"line":18,"column":48}}]},"5":{"type":"branch","line":18,"loc":{"start":{"line":18,"column":48},"end":{"line":21,"column":3}},"locations":[{"start":{"line":18,"column":48},"end":{"line":21,"column":3}}]},"6":{"type":"branch","line":21,"loc":{"start":{"line":21,"column":2},"end":{"line":23,"column":48}},"locations":[{"start":{"line":21,"column":2},"end":{"line":23,"column":48}}]},"7":{"type":"branch","line":23,"loc":{"start":{"line":23,"column":48},"end":{"line":26,"column":3}},"locations":[{"start":{"line":23,"column":48},"end":{"line":26,"column":3}}]},"8":{"type":"branch","line":26,"loc":{"start":{"line":26,"column":2},"end":{"line":28,"column":56}},"locations":[{"start":{"line":26,"column":2},"end":{"line":28,"column":56}}]},"9":{"type":"branch","line":28,"loc":{"start":{"line":28,"column":56},"end":{"line":31,"column":3}},"locations":[{"start":{"line":28,"column":56},"end":{"line":31,"column":3}}]},"10":{"type":"branch","line":31,"loc":{"start":{"line":31,"column":2},"end":{"line":34,"column":2}},"locations":[{"start":{"line":31,"column":2},"end":{"line":34,"column":2}}]},"11":{"type":"branch","line":14,"loc":{"start":{"line":14,"column":56},"end":{"line":14,"column":82}},"locations":[{"start":{"line":14,"column":56},"end":{"line":14,"column":82}}]},"12":{"type":"branch","line":15,"loc":{"start":{"line":15,"column":56},"end":{"line":15,"column":82}},"locations":[{"start":{"line":15,"column":56},"end":{"line":15,"column":82}}]},"13":{"type":"branch","line":16,"loc":{"start":{"line":16,"column":64},"end":{"line":16,"column":90}},"locations":[{"start":{"line":16,"column":64},"end":{"line":16,"column":90}}]},"14":{"type":"branch","line":39,"loc":{"start":{"line":39,"column":39},"end":{"line":53,"column":2}},"locations":[{"start":{"line":39,"column":39},"end":{"line":53,"column":2}}]},"15":{"type":"branch","line":40,"loc":{"start":{"line":40,"column":7},"end":{"line":40,"column":49}},"locations":[{"start":{"line":40,"column":7},"end":{"line":40,"column":49}}]},"16":{"type":"branch","line":40,"loc":{"start":{"line":40,"column":49},"end":{"line":42,"column":3}},"locations":[{"start":{"line":40,"column":49},"end":{"line":42,"column":3}}]},"17":{"type":"branch","line":42,"loc":{"start":{"line":42,"column":2},"end":{"line":46,"column":59}},"locations":[{"start":{"line":42,"column":2},"end":{"line":46,"column":59}}]},"18":{"type":"branch","line":46,"loc":{"start":{"line":46,"column":59},"end":{"line":50,"column":3}},"locations":[{"start":{"line":46,"column":59},"end":{"line":50,"column":3}}]},"19":{"type":"branch","line":50,"loc":{"start":{"line":50,"column":2},"end":{"line":53,"column":2}},"locations":[{"start":{"line":50,"column":2},"end":{"line":53,"column":2}}]}},"b":{"0":[156],"1":[153],"2":[150],"3":[7],"4":[149],"5":[2],"6":[147],"7":[1],"8":[146],"9":[1],"10":[145],"11":[1490],"12":[596],"13":[894],"14":[22],"15":[20],"16":[4],"17":[18],"18":[2],"19":[18]},"fnMap":{"0":{"name":"validateCelebrity","decl":{"start":{"line":6,"column":33},"end":{"line":34,"column":2}},"loc":{"start":{"line":6,"column":33},"end":{"line":34,"column":2}},"line":6},"1":{"name":"validateCelebritiesData","decl":{"start":{"line":39,"column":39},"end":{"line":53,"column":2}},"loc":{"start":{"line":39,"column":39},"end":{"line":53,"column":2}},"line":39}},"f":{"0":156,"1":22}}
,"/private/var/folders/5n/chhfsks16f31gb9yvvfjb2fm0000gn/T/coolvibe/worktrees/8d1f-/CeleGuess/src/utils/filter.ts": {"path":"/private/var/folders/5n/chhfsks16f31gb9yvvfjb2fm0000gn/T/coolvibe/worktrees/8d1f-/CeleGuess/src/utils/filter.ts","all":false,"statementMap":{"2":{"start":{"line":3,"column":0},"end":{"line":3,"column":34}},"3":{"start":{"line":4,"column":0},"end":{"line":4,"column":27}},"4":{"start":{"line":5,"column":0},"end":{"line":5,"column":24}},"5":{"start":{"line":6,"column":0},"end":{"line":6,"column":19}},"6":{"start":{"line":7,"column":0},"end":{"line":7,"column":44}},"8":{"start":{"line":9,"column":0},"end":{"line":9,"column":37}},"9":{"start":{"line":10,"column":0},"end":{"line":10,"column":54}},"10":{"start":{"line":11,"column":0},"end":{"line":11,"column":19}},"11":{"start":{"line":12,"column":0},"end":{"line":12,"column":5}},"14":{"start":{"line":15,"column":0},"end":{"line":15,"column":37}},"15":{"start":{"line":16,"column":0},"end":{"line":16,"column":54}},"16":{"start":{"line":17,"column":0},"end":{"line":17,"column":19}},"17":{"start":{"line":18,"column":0},"end":{"line":18,"column":5}},"20":{"start":{"line":21,"column":0},"end":{"line":21,"column":41}},"21":{"start":{"line":22,"column":0},"end":{"line":22,"column":62}},"22":{"start":{"line":23,"column":0},"end":{"line":23,"column":19}},"23":{"start":{"line":24,"column":0},"end":{"line":24,"column":5}},"25":{"start":{"line":26,"column":0},"end":{"line":26,"column":16}},"26":{"start":{"line":27,"column":0},"end":{"line":27,"column":5}},"27":{"start":{"line":28,"column":0},"end":{"line":28,"column":2}}},"s":{"2":1,"3":25,"4":25,"5":25,"6":25,"8":192,"9":192,"10":68,"11":68,"14":124,"15":192,"16":11,"17":11,"20":113,"21":192,"22":4,"23":4,"25":109,"26":25,"27":25},"branchMap":{"0":{"type":"branch","line":3,"loc":{"start":{"line":3,"column":33},"end":{"line":28,"column":2}},"locations":[{"start":{"line":3,"column":33},"end":{"line":28,"column":2}}]},"1":{"type":"branch","line":7,"loc":{"start":{"line":7,"column":28},"end":{"line":27,"column":3}},"locations":[{"start":{"line":7,"column":28},"end":{"line":27,"column":3}}]},"2":{"type":"branch","line":9,"loc":{"start":{"line":9,"column":33},"end":{"line":10,"column":53}},"locations":[{"start":{"line":9,"column":33},"end":{"line":10,"column":53}}]},"3":{"type":"branch","line":10,"loc":{"start":{"line":10,"column":53},"end":{"line":12,"column":5}},"locations":[{"start":{"line":10,"column":53},"end":{"line":12,"column":5}}]},"4":{"type":"branch","line":12,"loc":{"start":{"line":12,"column":4},"end":{"line":15,"column":37}},"locations":[{"start":{"line":12,"column":4},"end":{"line":15,"column":37}}]},"5":{"type":"branch","line":15,"loc":{"start":{"line":15,"column":33},"end":{"line":16,"column":53}},"locations":[{"start":{"line":15,"column":33},"end":{"line":16,"column":53}}]},"6":{"type":"branch","line":16,"loc":{"start":{"line":16,"column":53},"end":{"line":18,"column":5}},"locations":[{"start":{"line":16,"column":53},"end":{"line":18,"column":5}}]},"7":{"type":"branch","line":18,"loc":{"start":{"line":18,"column":4},"end":{"line":21,"column":41}},"locations":[{"start":{"line":18,"column":4},"end":{"line":21,"column":41}}]},"8":{"type":"branch","line":21,"loc":{"start":{"line":21,"column":37},"end":{"line":22,"column":61}},"locations":[{"start":{"line":21,"column":37},"end":{"line":22,"column":61}}]},"9":{"type":"branch","line":22,"loc":{"start":{"line":22,"column":61},"end":{"line":24,"column":5}},"locations":[{"start":{"line":22,"column":61},"end":{"line":24,"column":5}}]},"10":{"type":"branch","line":24,"loc":{"start":{"line":24,"column":4},"end":{"line":26,"column":16}},"locations":[{"start":{"line":24,"column":4},"end":{"line":26,"column":16}}]}},"b":{"0":[25],"1":[192],"2":[116],"3":[68],"4":[124],"5":[25],"6":[11],"7":[113],"8":[17],"9":[4],"10":[109]},"fnMap":{"0":{"name":"filterCelebrities","decl":{"start":{"line":3,"column":33},"end":{"line":28,"column":2}},"loc":{"start":{"line":3,"column":33},"end":{"line":28,"column":2}},"line":3}},"f":{"0":25}}
,"/private/var/folders/5n/chhfsks16f31gb9yvvfjb2fm0000gn/T/coolvibe/worktrees/8d1f-/CeleGuess/src/utils/labelMapper.ts": {"path":"/private/var/folders/5n/chhfsks16f31gb9yvvfjb2fm0000gn/T/coolvibe/worktrees/8d1f-/CeleGuess/src/utils/labelMapper.ts","all":false,"statementMap":{"0":{"start":{"line":1,"column":0},"end":{"line":1,"column":8}},"13":{"start":{"line":14,"column":0},"end":{"line":14,"column":63}},"14":{"start":{"line":15,"column":0},"end":{"line":15,"column":39}},"15":{"start":{"line":16,"column":0},"end":{"line":16,"column":2}},"20":{"start":{"line":21,"column":0},"end":{"line":21,"column":63}},"21":{"start":{"line":22,"column":0},"end":{"line":22,"column":39}},"22":{"start":{"line":23,"column":0},"end":{"line":23,"column":2}},"27":{"start":{"line":28,"column":0},"end":{"line":28,"column":75}},"28":{"start":{"line":29,"column":0},"end":{"line":29,"column":47}},"29":{"start":{"line":30,"column":0},"end":{"line":30,"column":2}},"34":{"start":{"line":35,"column":0},"end":{"line":35,"column":71}},"35":{"start":{"line":36,"column":0},"end":{"line":36,"column":151}},"36":{"start":{"line":37,"column":0},"end":{"line":37,"column":2}}},"s":{"0":1,"13":1,"14":12,"15":12,"20":1,"21":9,"22":9,"27":1,"28":10,"29":10,"34":1,"35":6,"36":6},"branchMap":{"0":{"type":"branch","line":14,"loc":{"start":{"line":14,"column":30},"end":{"line":16,"column":2}},"locations":[{"start":{"line":14,"column":30},"end":{"line":16,"column":2}}]},"1":{"type":"branch","line":15,"loc":{"start":{"line":15,"column":29},"end":{"line":15,"column":39}},"locations":[{"start":{"line":15,"column":29},"end":{"line":15,"column":39}}]},"2":{"type":"branch","line":21,"loc":{"start":{"line":21,"column":30},"end":{"line":23,"column":2}},"locations":[{"start":{"line":21,"column":30},"end":{"line":23,"column":2}}]},"3":{"type":"branch","line":22,"loc":{"start":{"line":22,"column":29},"end":{"line":22,"column":39}},"locations":[{"start":{"line":22,"column":29},"end":{"line":22,"column":39}}]},"4":{"type":"branch","line":28,"loc":{"start":{"line":28,"column":34},"end":{"line":30,"column":2}},"locations":[{"start":{"line":28,"column":34},"end":{"line":30,"column":2}}]},"5":{"type":"branch","line":29,"loc":{"start":{"line":29,"column":37},"end":{"line":29,"column":47}},"locations":[{"start":{"line":29,"column":37},"end":{"line":29,"column":47}}]},"6":{"type":"branch","line":35,"loc":{"start":{"line":35,"column":36},"end":{"line":37,"column":2}},"locations":[{"start":{"line":35,"column":36},"end":{"line":37,"column":2}}]}},"b":{"0":[12],"1":[2],"2":[9],"3":[2],"4":[10],"5":[2],"6":[6]},"fnMap":{"0":{"name":"getRegionLabel","decl":{"start":{"line":14,"column":30},"end":{"line":16,"column":2}},"loc":{"start":{"line":14,"column":30},"end":{"line":16,"column":2}},"line":14},"1":{"name":"getGenderLabel","decl":{"start":{"line":21,"column":30},"end":{"line":23,"column":2}},"loc":{"start":{"line":21,"column":30},"end":{"line":23,"column":2}},"line":21},"2":{"name":"getProfessionLabel","decl":{"start":{"line":28,"column":34},"end":{"line":30,"column":2}},"loc":{"start":{"line":28,"column":34},"end":{"line":30,"column":2}},"line":28},"3":{"name":"getCelebrityInfoText","decl":{"start":{"line":35,"column":36},"end":{"line":37,"column":2}},"loc":{"start":{"line":35,"column":36},"end":{"line":37,"column":2}},"line":35}},"f":{"0":12,"1":9,"2":10,"3":6}}
,"/private/var/folders/5n/chhfsks16f31gb9yvvfjb2fm0000gn/T/coolvibe/worktrees/8d1f-/CeleGuess/src/utils/random.ts": {"path":"/private/var/folders/5n/chhfsks16f31gb9yvvfjb2fm0000gn/T/coolvibe/worktrees/8d1f-/CeleGuess/src/utils/random.ts","all":false,"statementMap":{"2":{"start":{"line":3,"column":0},"end":{"line":3,"column":35}},"3":{"start":{"line":4,"column":0},"end":{"line":4,"column":27}},"4":{"start":{"line":5,"column":0},"end":{"line":5,"column":20}},"5":{"start":{"line":6,"column":0},"end":{"line":6,"column":24}},"6":{"start":{"line":7,"column":0},"end":{"line":7,"column":44}},"8":{"start":{"line":9,"column":0},"end":{"line":9,"column":40}},"9":{"start":{"line":10,"column":0},"end":{"line":10,"column":51}},"10":{"start":{"line":11,"column":0},"end":{"line":11,"column":18}},"12":{"start":{"line":13,"column":0},"end":{"line":13,"column":53}},"14":{"start":{"line":15,"column":0},"end":{"line":15,"column":78}},"15":{"start":{"line":16,"column":0},"end":{"line":16,"column":43}},"16":{"start":{"line":17,"column":0},"end":{"line":17,"column":2}},"19":{"start":{"line":20,"column":0},"end":{"line":20,"column":53}},"20":{"start":{"line":21,"column":0},"end":{"line":21,"column":28}},"21":{"start":{"line":22,"column":0},"end":{"line":22,"column":47}},"22":{"start":{"line":23,"column":0},"end":{"line":23,"column":50}},"23":{"start":{"line":24,"column":0},"end":{"line":24,"column":52}},"24":{"start":{"line":25,"column":0},"end":{"line":25,"column":3}},"25":{"start":{"line":26,"column":0},"end":{"line":26,"column":16}},"26":{"start":{"line":27,"column":0},"end":{"line":27,"column":2}}},"s":{"2":1,"3":8,"4":8,"5":8,"6":8,"8":7,"9":3,"10":4,"12":8,"14":6,"15":6,"16":6,"19":1,"20":9,"21":9,"22":34,"23":34,"24":34,"25":9,"26":9},"branchMap":{"0":{"type":"branch","line":3,"loc":{"start":{"line":3,"column":34},"end":{"line":17,"column":2}},"locations":[{"start":{"line":3,"column":34},"end":{"line":17,"column":2}}]},"1":{"type":"branch","line":7,"loc":{"start":{"line":7,"column":32},"end":{"line":7,"column":44}},"locations":[{"start":{"line":7,"column":32},"end":{"line":7,"column":44}}]},"2":{"type":"branch","line":7,"loc":{"start":{"line":7,"column":39},"end":{"line":9,"column":40}},"locations":[{"start":{"line":7,"column":39},"end":{"line":9,"column":40}}]},"3":{"type":"branch","line":9,"loc":{"start":{"line":9,"column":31},"end":{"line":10,"column":51}},"locations":[{"start":{"line":9,"column":31},"end":{"line":10,"column":51}}]},"4":{"type":"branch","line":10,"loc":{"start":{"line":10,"column":50},"end":{"line":11,"column":18}},"locations":[{"start":{"line":10,"column":50},"end":{"line":11,"column":18}}]},"5":{"type":"branch","line":13,"loc":{"start":{"line":13,"column":41},"end":{"line":13,"column":53}},"locations":[{"start":{"line":13,"column":41},"end":{"line":13,"column":53}}]},"6":{"type":"branch","line":13,"loc":{"start":{"line":13,"column":48},"end":{"line":17,"column":2}},"locations":[{"start":{"line":13,"column":48},"end":{"line":17,"column":2}}]},"7":{"type":"branch","line":10,"loc":{"start":{"line":10,"column":25},"end":{"line":10,"column":50}},"locations":[{"start":{"line":10,"column":25},"end":{"line":10,"column":50}}]},"8":{"type":"branch","line":20,"loc":{"start":{"line":20,"column":28},"end":{"line":27,"column":2}},"locations":[{"start":{"line":20,"column":28},"end":{"line":27,"column":2}}]},"9":{"type":"branch","line":22,"loc":{"start":{"line":22,"column":46},"end":{"line":25,"column":3}},"locations":[{"start":{"line":22,"column":46},"end":{"line":25,"column":3}}]}},"b":{"0":[8],"1":[1],"2":[7],"3":[3],"4":[4],"5":[1],"6":[6],"7":[7],"8":[9],"9":[34]},"fnMap":{"0":{"name":"getRandomCelebrity","decl":{"start":{"line":3,"column":34},"end":{"line":17,"column":2}},"loc":{"start":{"line":3,"column":34},"end":{"line":17,"column":2}},"line":3},"1":{"name":"shuffleArray","decl":{"start":{"line":20,"column":28},"end":{"line":27,"column":2}},"loc":{"start":{"line":20,"column":28},"end":{"line":27,"column":2}},"line":20}},"f":{"0":8,"1":9}}
}
